{
  "stats": {
    "suites": 1,
    "tests": 2,
    "passes": 2,
    "pending": 0,
    "failures": 0,
    "start": "2022-06-09T16:52:21.888Z",
    "end": "2022-06-09T16:53:42.213Z",
    "duration": 80325,
    "testsRegistered": 2,
    "passPercent": 100,
    "pendingPercent": 0,
    "other": 0,
    "hasOther": false,
    "skipped": 0,
    "hasSkipped": false
  },
  "results": [
    {
      "uuid": "528fb5df-75bb-4f5a-b30a-28e42f32b698",
      "title": "",
      "fullFile": "cypress/integration/cadastroFila.js",
      "file": "cypress/integration/cadastroFila.js",
      "beforeHooks": [],
      "afterHooks": [],
      "tests": [],
      "suites": [
        {
          "uuid": "cdc9bbab-1031-4bcc-9680-617438509ace",
          "title": "Cadastro de Fila",
          "fullFile": "",
          "file": "",
          "beforeHooks": [],
          "afterHooks": [],
          "tests": [
            {
              "title": "Quando eu acessar o menu de gerenciamento de filas e realizar o cadastro, entao a fila deve ser cadastrada com sucesso",
              "fullTitle": "Cadastro de Fila Quando eu acessar o menu de gerenciamento de filas e realizar o cadastro, entao a fila deve ser cadastrada com sucesso",
              "timedOut": null,
              "duration": 48597,
              "state": "passed",
              "speed": "slow",
              "pass": true,
              "fail": false,
              "pending": false,
              "context": null,
              "code": "_cadastroFila.default.cadastrarComSucesso();",
              "err": {},
              "uuid": "40c161c5-ef6b-45af-a93c-9b17e38e2fd1",
              "parentUUID": "cdc9bbab-1031-4bcc-9680-617438509ace",
              "isHook": false,
              "skipped": false
            },
            {
              "title": "excluir a massa de teste de cadastro",
              "fullTitle": "Cadastro de Fila excluir a massa de teste de cadastro",
              "timedOut": null,
              "duration": 31506,
              "state": "passed",
              "speed": "slow",
              "pass": true,
              "fail": false,
              "pending": false,
              "context": null,
              "code": "_cadastroFila.default.excluirDados();",
              "err": {},
              "uuid": "6a435a03-397f-4ea0-9941-482648fe0f79",
              "parentUUID": "cdc9bbab-1031-4bcc-9680-617438509ace",
              "isHook": false,
              "skipped": false
            }
          ],
          "suites": [],
          "passes": [
            "40c161c5-ef6b-45af-a93c-9b17e38e2fd1",
            "6a435a03-397f-4ea0-9941-482648fe0f79"
          ],
          "failures": [],
          "pending": [],
          "skipped": [],
          "duration": 80103,
          "root": false,
          "rootEmpty": false,
          "_timeout": 2000
        }
      ],
      "passes": [],
      "failures": [],
      "pending": [],
      "skipped": [],
      "duration": 0,
      "root": true,
      "rootEmpty": true,
      "_timeout": 2000
    }
  ],
  "meta": {
    "mocha": {
      "version": "7.0.1"
    },
    "mochawesome": {
      "options": {
        "quiet": false,
        "reportFilename": "mochawesome",
        "saveHtml": true,
        "saveJson": true,
        "consoleReporter": "spec",
        "useInlineDiffs": false,
        "code": true
      },
      "version": "7.1.3"
    },
    "marge": {
      "options": {
        "id": "default"
      },
      "version": "6.2.0"
    }
  }
}